<?xml version="1.0" encoding="UTF-8"?>
<testsuites>
  <testsuite name="" tests="1" assertions="1" errors="0" warnings="0" failures="0" skipped="0" time="0.143411">
    <testsuite name="VendorName Test Suite" tests="1" assertions="1" errors="0" warnings="0" failures="0" skipped="0" time="0.143411">
      <testsuite name="Modules\Blog\Tests\Unit\ArticleTest" file="F:\var\www\_bases\base_geek\laravel\Modules\Blog\Tests\Unit\ArticleTest.php" tests="1" assertions="1" errors="0" warnings="0" failures="0" skipped="0" time="0.143411">
        <testcase name="testExample" class="Modules\Blog\Tests\Unit\ArticleTest" classname="Modules.Blog.Tests.Unit.ArticleTest" file="F:\var\www\_bases\base_geek\laravel\Modules\Blog\Tests\Unit\ArticleTest.php" line="13" assertions="1" time="0.143411"/>
      </testsuite>
    </testsuite>
  </testsuite>
</testsuites>
